  [4;36;1mSQL (0.000482)[0m   [0;1mCREATE TABLE schema_info (version int(11))[0m
  [4;35;1mSQL (0.000225)[0m   [0mINSERT INTO schema_info (version) VALUES(0)[0m
  [4;36;1mSQL (0.000000)[0m   [0;1mMysql::Error: Table 'schema_info' already exists: CREATE TABLE schema_info (version int(11))[0m
  [4;35;1mSQL (0.000254)[0m   [0mSELECT version FROM schema_info[0m
Migrating to CreateFileInfoTable (1)
  [4;36;1mSQL (0.000000)[0m   [0;1mMysql::Error: You have an error in your SQL syntax near 'ENGINE=InnoDB' at line 1: CREATE TABLE file_info (`id` int(11) DEFAULT NULL auto_increment PRIMARY KEY, `path` varchar(255)) ENGINE=InnoDB[0m
  [4;36;1mSQL (0.000000)[0m   [0;1mMysql::Error: Table 'schema_info' already exists: CREATE TABLE schema_info (version int(11))[0m
  [4;35;1mSQL (0.000000)[0m   [0mMysql::Error: Table 'schema_info' already exists: CREATE TABLE schema_info (version int(11))[0m
  [4;36;1mSQL (0.000459)[0m   [0;1mSELECT version FROM schema_info[0m
Migrating to CreateFileInfoTable (1)
  [4;35;1mSQL (0.000000)[0m   [0mMysql::Error: You have an error in your SQL syntax near 'ENGINE=InnoDB' at line 1: CREATE TABLE file_info (`id` int(11) DEFAULT NULL auto_increment PRIMARY KEY, `path` varchar(255)) ENGINE=InnoDB[0m
  [4;36;1mSQL (0.000000)[0m   [0;1mMysql::Error: Table 'schema_info' already exists: CREATE TABLE schema_info (version int(11))[0m
  [4;35;1mSQL (0.000000)[0m   [0mMysql::Error: Table 'schema_info' already exists: CREATE TABLE schema_info (version int(11))[0m
  [4;36;1mSQL (0.000300)[0m   [0;1mSELECT version FROM schema_info[0m
Migrating to CreateFileInfoTable (1)
  [4;35;1mSQL (0.000000)[0m   [0mMysql::Error: You have an error in your SQL syntax near 'ENGINE=InnoDB' at line 1: CREATE TABLE file_info (`id` int(11) DEFAULT NULL auto_increment PRIMARY KEY, `path` varchar(255)) ENGINE=InnoDB[0m
  [4;36;1mSQL (0.000000)[0m   [0;1mMysql::Error: Table 'schema_info' already exists: CREATE TABLE schema_info (version int(11))[0m
  [4;35;1mSQL (0.000000)[0m   [0mMysql::Error: Table 'schema_info' already exists: CREATE TABLE schema_info (version int(11))[0m
  [4;36;1mSQL (0.000574)[0m   [0;1mSELECT version FROM schema_info[0m
Migrating to CreateFileInfoTable (1)
  [4;35;1mSQL (0.013656)[0m   [0mCREATE TABLE file_info (`id` int(11) DEFAULT NULL auto_increment PRIMARY KEY, `path` varchar(255)) ENGINE=InnoDB[0m
  [4;36;1mSQL (0.000244)[0m   [0;1mUPDATE schema_info SET version = 1[0m
  [4;35;1mSQL (0.000187)[0m   [0mSELECT version FROM schema_info[0m
Migrating to AddFilenameColumn (2)
  [4;36;1mSQL (0.011357)[0m   [0;1mALTER TABLE file_info ADD `name` varchar(255)[0m
  [4;35;1mSQL (0.000260)[0m   [0mUPDATE schema_info SET version = 2[0m
  [4;36;1mSQL (0.000175)[0m   [0;1mSELECT version FROM schema_info[0m
Migrating to AddModificationTimeAndSizeColumns (3)
  [4;35;1mSQL (0.011420)[0m   [0mALTER TABLE file_info ADD `modified` datetime[0m
  [4;36;1mSQL (0.011116)[0m   [0;1mALTER TABLE file_info ADD `size` int(15)[0m
  [4;35;1mSQL (0.000254)[0m   [0mUPDATE schema_info SET version = 3[0m
  [4;36;1mSQL (0.000182)[0m   [0;1mSELECT version FROM schema_info[0m
Migrating to IncreaseSizeOfTextColumns (4)
  [4;35;1mSQL (0.000812)[0m   [0mSHOW COLUMNS FROM file_info LIKE 'path'[0m
  [4;36;1mSQL (0.040665)[0m   [0;1mALTER TABLE file_info CHANGE path path text[0m
  [4;35;1mSQL (0.000799)[0m   [0mSHOW COLUMNS FROM file_info LIKE 'name'[0m
  [4;36;1mSQL (0.011295)[0m   [0;1mALTER TABLE file_info CHANGE name name text[0m
  [4;35;1mSQL (0.000258)[0m   [0mUPDATE schema_info SET version = 4[0m
  [4;36;1mSQL (0.000295)[0m   [0;1mSELECT * FROM schema_info[0m
  [4;35;1mSQL (0.000293)[0m   [0mSHOW TABLES[0m
  [4;36;1mSQL (0.000874)[0m   [0;1mSHOW FIELDS FROM file_info[0m
  [4;35;1mSQL (0.000431)[0m   [0mSHOW KEYS FROM file_info[0m
  [4;36;1mSQL (0.000000)[0m   [0;1mMysql::Error: Table 'schema_info' already exists: CREATE TABLE schema_info (version int(11))[0m
  [4;35;1mSQL (0.000000)[0m   [0mMysql::Error: Table 'schema_info' already exists: CREATE TABLE schema_info (version int(11))[0m
  [4;36;1mSQL (0.000428)[0m   [0;1mSELECT version FROM schema_info[0m
  [4;35;1mSQL (0.000132)[0m   [0mSELECT version FROM schema_info[0m
  [4;36;1mSQL (0.000107)[0m   [0;1mSELECT version FROM schema_info[0m
  [4;35;1mSQL (0.000116)[0m   [0mSELECT version FROM schema_info[0m
  [4;36;1mSQL (0.000163)[0m   [0;1mSELECT * FROM schema_info[0m
  [4;35;1mSQL (0.000254)[0m   [0mSHOW TABLES[0m
  [4;36;1mSQL (0.000815)[0m   [0;1mSHOW FIELDS FROM file_info[0m
  [4;35;1mSQL (0.000379)[0m   [0mSHOW KEYS FROM file_info[0m
  [4;36;1mSQL (0.000000)[0m   [0;1mMysql::Error: Table 'schema_info' already exists: CREATE TABLE schema_info (version int(11))[0m
  [4;35;1mSQL (0.000000)[0m   [0mMysql::Error: Table 'schema_info' already exists: CREATE TABLE schema_info (version int(11))[0m
  [4;36;1mSQL (0.000716)[0m   [0;1mSELECT version FROM schema_info[0m
  [4;35;1mSQL (0.000559)[0m   [0mSELECT version FROM schema_info[0m
  [4;36;1mSQL (0.000401)[0m   [0;1mSELECT version FROM schema_info[0m
  [4;35;1mSQL (0.000245)[0m   [0mSELECT version FROM schema_info[0m
  [4;36;1mSQL (0.000368)[0m   [0;1mSELECT * FROM schema_info[0m
  [4;35;1mSQL (0.000571)[0m   [0mSHOW TABLES[0m
  [4;36;1mSQL (0.001800)[0m   [0;1mSHOW FIELDS FROM file_info[0m
  [4;35;1mSQL (0.000750)[0m   [0mSHOW KEYS FROM file_info[0m
  [4;36;1mSQL (0.000000)[0m   [0;1mMysql::Error: Table 'schema_info' already exists: CREATE TABLE schema_info (version int(11))[0m
  [4;35;1mSQL (0.000000)[0m   [0mMysql::Error: Table 'schema_info' already exists: CREATE TABLE schema_info (version int(11))[0m
  [4;36;1mSQL (0.000500)[0m   [0;1mSELECT version FROM schema_info[0m
  [4;35;1mSQL (0.000273)[0m   [0mSELECT version FROM schema_info[0m
  [4;36;1mSQL (0.000239)[0m   [0;1mSELECT version FROM schema_info[0m
  [4;35;1mSQL (0.000213)[0m   [0mSELECT version FROM schema_info[0m
  [4;36;1mSQL (0.000296)[0m   [0;1mSELECT * FROM schema_info[0m
  [4;35;1mSQL (0.000445)[0m   [0mSHOW TABLES[0m
  [4;36;1mSQL (0.001121)[0m   [0;1mSHOW FIELDS FROM file_info[0m
  [4;35;1mSQL (0.000503)[0m   [0mSHOW KEYS FROM file_info[0m
  [4;36;1mFileInfo Columns (0.000000)[0m   [0;1mMysql::Error: Table 'earth_development.file_infos' doesn't exist: SHOW FIELDS FROM file_infos[0m
  [4;36;1mFileInfo Columns (0.001226)[0m   [0;1mSHOW FIELDS FROM file_info[0m


Processing FileInfoController#index (for 10.2.0.66 at 2006-11-06 17:35:35) [GET]
  Session ID: e478cdf9915f209b72546980239acac4
  Parameters: {"action"=>"index", "controller"=>"file_info"}
  [4;36;1mFileInfo Columns (0.001318)[0m   [0;1mSHOW FIELDS FROM file_info[0m
  [4;35;1mSQL (0.000736)[0m   [0mSELECT count(*) AS count_all FROM file_info [0m
  [4;36;1mFileInfo Load (0.000316)[0m   [0;1mSELECT * FROM file_info LIMIT 0, 10[0m
Rendering layoutfalseactionlist within layouts/file_info
Rendering file_info/list
Completed in 0.07876 (12 reqs/sec) | Rendering: 0.01525 (19%) | DB: 0.00237 (3%) | 200 OK [http://earth/file_info]


Processing FileInfoController#index (for 10.2.0.66 at 2006-11-06 17:38:27) [GET]
  Session ID: e478cdf9915f209b72546980239acac4
  Parameters: {"action"=>"index", "controller"=>"file_info"}
  [4;35;1mFileInfo Columns (0.001190)[0m   [0mSHOW FIELDS FROM file_info[0m
  [4;36;1mSQL (0.000383)[0m   [0;1mSELECT count(*) AS count_all FROM file_info [0m
  [4;35;1mFileInfo Load (0.000399)[0m   [0mSELECT * FROM file_info LIMIT 0, 10[0m
Rendering layoutfalseactionlist within layouts/file_info
Rendering file_info/list
Completed in 0.04308 (23 reqs/sec) | Rendering: 0.02479 (57%) | DB: 0.00197 (4%) | 200 OK [http://earth/file_info]


Processing FileInfoController#index (for 10.2.0.66 at 2006-11-06 17:38:49) [GET]
  Session ID: e478cdf9915f209b72546980239acac4
  Parameters: {"action"=>"index", "controller"=>"file_info"}
  [4;36;1mFileInfo Columns (0.001231)[0m   [0;1mSHOW FIELDS FROM file_info[0m
  [4;35;1mSQL (0.000396)[0m   [0mSELECT count(*) AS count_all FROM file_info [0m
  [4;36;1mFileInfo Load (0.000427)[0m   [0;1mSELECT * FROM file_info LIMIT 0, 10[0m
Rendering layoutfalseactionlist within layouts/file_info
Rendering file_info/list
Completed in 0.03996 (25 reqs/sec) | Rendering: 0.02393 (59%) | DB: 0.00205 (5%) | 200 OK [http://earth/file_info]


Processing FileInfoController#index (for 10.2.0.66 at 2006-11-06 17:39:44) [GET]
  Session ID: e478cdf9915f209b72546980239acac4
  Parameters: {"action"=>"index", "controller"=>"file_info"}
  [4;35;1mFileInfo Columns (0.001013)[0m   [0mSHOW FIELDS FROM file_info[0m
  [4;36;1mSQL (0.000700)[0m   [0;1mSELECT count(*) AS count_all FROM file_info [0m
  [4;35;1mFileInfo Load (0.000408)[0m   [0mSELECT * FROM file_info LIMIT 0, 10[0m
Rendering layoutfalseactionlist within layouts/file_info
Rendering file_info/list
Completed in 0.03668 (27 reqs/sec) | Rendering: 0.02270 (61%) | DB: 0.00212 (5%) | 200 OK [http://earth/file_info]


Processing FileInfoController#index (for 10.2.0.66 at 2006-11-06 17:39:48) [GET]
  Session ID: e478cdf9915f209b72546980239acac4
  Parameters: {"action"=>"index", "controller"=>"file_info", "page"=>"2"}
  [4;36;1mFileInfo Columns (0.001046)[0m   [0;1mSHOW FIELDS FROM file_info[0m
  [4;35;1mSQL (0.000905)[0m   [0mSELECT count(*) AS count_all FROM file_info [0m
  [4;36;1mFileInfo Load (0.000532)[0m   [0;1mSELECT * FROM file_info LIMIT 10, 10[0m
Rendering layoutfalseactionlist within layouts/file_info
Rendering file_info/list
Completed in 0.04309 (23 reqs/sec) | Rendering: 0.02489 (57%) | DB: 0.00248 (5%) | 200 OK [http://earth/file_info?page=2]


Processing FileInfoController#index (for 10.2.0.66 at 2006-11-06 17:39:51) [GET]
  Session ID: e478cdf9915f209b72546980239acac4
  Parameters: {"action"=>"index", "controller"=>"file_info", "page"=>"3"}
  [4;35;1mFileInfo Columns (0.001199)[0m   [0mSHOW FIELDS FROM file_info[0m
  [4;36;1mSQL (0.001122)[0m   [0;1mSELECT count(*) AS count_all FROM file_info [0m
  [4;35;1mFileInfo Load (0.000630)[0m   [0mSELECT * FROM file_info LIMIT 20, 10[0m
Rendering layoutfalseactionlist within layouts/file_info
Rendering file_info/list
Completed in 0.04349 (22 reqs/sec) | Rendering: 0.02586 (59%) | DB: 0.00295 (6%) | 200 OK [http://earth/file_info?page=3]


Processing FileInfoController#index (for 10.2.0.66 at 2006-11-06 17:39:53) [GET]
  Session ID: e478cdf9915f209b72546980239acac4
  Parameters: {"action"=>"index", "controller"=>"file_info", "page"=>"4"}
  [4;36;1mFileInfo Columns (0.001056)[0m   [0;1mSHOW FIELDS FROM file_info[0m
  [4;35;1mSQL (0.001253)[0m   [0mSELECT count(*) AS count_all FROM file_info [0m
  [4;36;1mFileInfo Load (0.000641)[0m   [0;1mSELECT * FROM file_info LIMIT 30, 10[0m
Rendering layoutfalseactionlist within layouts/file_info
Rendering file_info/list
Completed in 0.03858 (25 reqs/sec) | Rendering: 0.02333 (60%) | DB: 0.00295 (7%) | 200 OK [http://earth/file_info?page=4]


Processing FileInfoController#index (for 10.2.0.66 at 2006-11-06 17:39:54) [GET]
  Session ID: e478cdf9915f209b72546980239acac4
  Parameters: {"action"=>"index", "controller"=>"file_info", "page"=>"5"}
  [4;35;1mFileInfo Columns (0.001150)[0m   [0mSHOW FIELDS FROM file_info[0m
  [4;36;1mSQL (0.001445)[0m   [0;1mSELECT count(*) AS count_all FROM file_info [0m
  [4;35;1mFileInfo Load (0.000837)[0m   [0mSELECT * FROM file_info LIMIT 40, 10[0m
Rendering layoutfalseactionlist within layouts/file_info
Rendering file_info/list
Completed in 0.03990 (25 reqs/sec) | Rendering: 0.02481 (62%) | DB: 0.00343 (8%) | 200 OK [http://earth/file_info?page=5]


Processing FileInfoController#index (for 10.2.0.66 at 2006-11-06 17:39:56) [GET]
  Session ID: e478cdf9915f209b72546980239acac4
  Parameters: {"action"=>"index", "controller"=>"file_info", "page"=>"6"}
  [4;36;1mFileInfo Columns (0.001195)[0m   [0;1mSHOW FIELDS FROM file_info[0m
  [4;35;1mSQL (0.001431)[0m   [0mSELECT count(*) AS count_all FROM file_info [0m
  [4;36;1mFileInfo Load (0.000590)[0m   [0;1mSELECT * FROM file_info LIMIT 50, 10[0m
Rendering layoutfalseactionlist within layouts/file_info
Rendering file_info/list
Completed in 0.04169 (23 reqs/sec) | Rendering: 0.02439 (58%) | DB: 0.00322 (7%) | 200 OK [http://earth/file_info?page=6]


Processing FileInfoController#index (for 10.2.0.66 at 2006-11-06 17:39:58) [GET]
  Session ID: e478cdf9915f209b72546980239acac4
  Parameters: {"action"=>"index", "controller"=>"file_info", "page"=>"7"}
  [4;35;1mFileInfo Columns (0.001063)[0m   [0mSHOW FIELDS FROM file_info[0m
  [4;36;1mSQL (0.001886)[0m   [0;1mSELECT count(*) AS count_all FROM file_info [0m
  [4;35;1mFileInfo Load (0.002753)[0m   [0mSELECT * FROM file_info LIMIT 60, 10[0m
Rendering layoutfalseactionlist within layouts/file_info
Rendering file_info/list
Completed in 0.07405 (13 reqs/sec) | Rendering: 0.02823 (38%) | DB: 0.00570 (7%) | 200 OK [http://earth/file_info?page=7]


Processing FileInfoController#index (for 10.2.0.66 at 2006-11-06 17:40:18) [GET]
  Session ID: e478cdf9915f209b72546980239acac4
  Parameters: {"action"=>"index", "controller"=>"file_info", "page"=>"7"}
  [4;36;1mFileInfo Columns (0.001053)[0m   [0;1mSHOW FIELDS FROM file_info[0m
  [4;35;1mSQL (0.001039)[0m   [0mSELECT count(*) AS count_all FROM file_info [0m
  [4;36;1mFileInfo Load (0.001288)[0m   [0;1mSELECT * FROM file_info LIMIT 60, 10[0m
Rendering layoutfalseactionlist within layouts/file_info
Rendering file_info/list
Completed in 0.03710 (26 reqs/sec) | Rendering: 0.02222 (59%) | DB: 0.00338 (9%) | 200 OK [http://earth/file_info?page=7]


Processing FileInfoController#index (for 10.2.0.66 at 2006-11-06 17:40:21) [GET]
  Session ID: e478cdf9915f209b72546980239acac4
  Parameters: {"action"=>"index", "controller"=>"file_info", "page"=>"8"}
  [4;35;1mFileInfo Columns (0.001030)[0m   [0mSHOW FIELDS FROM file_info[0m
  [4;36;1mSQL (0.001030)[0m   [0;1mSELECT count(*) AS count_all FROM file_info [0m
  [4;35;1mFileInfo Load (0.001326)[0m   [0mSELECT * FROM file_info LIMIT 70, 10[0m
Rendering layoutfalseactionlist within layouts/file_info
Rendering file_info/list
Completed in 0.03773 (26 reqs/sec) | Rendering: 0.02215 (58%) | DB: 0.00339 (8%) | 200 OK [http://earth/file_info?page=8]


Processing FileInfoController#index (for 10.2.0.66 at 2006-11-06 17:40:22) [GET]
  Session ID: e478cdf9915f209b72546980239acac4
  Parameters: {"action"=>"index", "controller"=>"file_info", "page"=>"9"}
  [4;36;1mFileInfo Columns (0.001046)[0m   [0;1mSHOW FIELDS FROM file_info[0m
  [4;35;1mSQL (0.001062)[0m   [0mSELECT count(*) AS count_all FROM file_info [0m
  [4;36;1mFileInfo Load (0.001319)[0m   [0;1mSELECT * FROM file_info LIMIT 80, 10[0m
Rendering layoutfalseactionlist within layouts/file_info
Rendering file_info/list
Completed in 0.11479 (8 reqs/sec) | Rendering: 0.09882 (86%) | DB: 0.00343 (2%) | 200 OK [http://earth/file_info?page=9]


Processing FileInfoController#edit (for 10.2.0.66 at 2006-11-06 17:40:32) [GET]
  Session ID: e478cdf9915f209b72546980239acac4
  Parameters: {"action"=>"edit", "id"=>"3593", "controller"=>"file_info"}
  [4;35;1mFileInfo Load (0.000388)[0m   [0mSELECT * FROM file_info WHERE (file_info.id = '3593') LIMIT 1[0m
Rendering  within layouts/file_info
Rendering file_info/edit
  [4;36;1mFileInfo Columns (0.001073)[0m   [0;1mSHOW FIELDS FROM file_info[0m
Rendered file_info/_form (0.00776)
Completed in 0.03182 (31 reqs/sec) | Rendering: 0.02024 (63%) | DB: 0.00146 (4%) | 200 OK [http://earth/file_info/edit/3593]


Processing FileInfoController#list (for 10.2.0.66 at 2006-11-06 17:40:40) [GET]
  Session ID: e478cdf9915f209b72546980239acac4
  Parameters: {"action"=>"list", "controller"=>"file_info"}
  [4;35;1mFileInfo Columns (0.001052)[0m   [0mSHOW FIELDS FROM file_info[0m
  [4;36;1mSQL (0.000385)[0m   [0;1mSELECT count(*) AS count_all FROM file_info [0m
  [4;35;1mFileInfo Load (0.000422)[0m   [0mSELECT * FROM file_info LIMIT 0, 10[0m
Rendering  within layouts/file_info
Rendering file_info/list
Completed in 0.04153 (24 reqs/sec) | Rendering: 0.02422 (58%) | DB: 0.00186 (4%) | 200 OK [http://earth/file_info/list]


Processing FileInfoController#list (for 10.2.0.66 at 2006-11-07 10:01:30) [GET]
  Session ID: e478cdf9915f209b72546980239acac4
  Parameters: {"action"=>"list", "controller"=>"file_info", "page"=>"2"}
  [4;36;1mFileInfo Columns (0.001127)[0m   [0;1mSHOW FIELDS FROM file_info[0m
  [4;35;1mSQL (0.000430)[0m   [0mSELECT count(*) AS count_all FROM file_info [0m
  [4;36;1mFileInfo Load (0.000480)[0m   [0;1mSELECT * FROM file_info LIMIT 10, 10[0m
Rendering  within layouts/file_info
Rendering file_info/list
Completed in 0.07251 (13 reqs/sec) | Rendering: 0.05341 (73%) | DB: 0.00204 (2%) | 200 OK [http://earth/file_info/list?page=2]


Processing FileInfoController#index (for 10.2.0.66 at 2006-11-07 16:43:13) [GET]
  Session ID: 9988ed2b4eab79004adf9bd2c1c78530
  Parameters: {"action"=>"index", "controller"=>"file_info"}
  [4;35;1mFileInfo Columns (0.001091)[0m   [0mSHOW FIELDS FROM file_info[0m
  [4;36;1mSQL (0.000411)[0m   [0;1mSELECT count(*) AS count_all FROM file_info [0m
  [4;35;1mFileInfo Load (0.000453)[0m   [0mSELECT * FROM file_info LIMIT 0, 10[0m
Rendering layoutfalseactionlist within layouts/file_info
Rendering file_info/list
Completed in 0.07398 (13 reqs/sec) | Rendering: 0.05008 (67%) | DB: 0.00196 (2%) | 200 OK [http://earth/file_info]


Processing FileInfoController#index (for 10.2.0.66 at 2006-11-07 16:43:17) [GET]
  Session ID: 9988ed2b4eab79004adf9bd2c1c78530
  Parameters: {"action"=>"index", "controller"=>"file_info", "page"=>"2"}
  [4;36;1mFileInfo Columns (0.001046)[0m   [0;1mSHOW FIELDS FROM file_info[0m
  [4;35;1mSQL (0.000574)[0m   [0mSELECT count(*) AS count_all FROM file_info [0m
  [4;36;1mFileInfo Load (0.000484)[0m   [0;1mSELECT * FROM file_info LIMIT 10, 10[0m
Rendering layoutfalseactionlist within layouts/file_info
Rendering file_info/list
Completed in 0.03958 (25 reqs/sec) | Rendering: 0.02303 (58%) | DB: 0.00210 (5%) | 200 OK [http://earth/file_info?page=2]
  [4;36;1mSQL (0.000000)[0m   [0;1mMysql::Error: Table 'schema_info' already exists: CREATE TABLE schema_info (version int(11))[0m
  [4;35;1mSQL (0.000000)[0m   [0mMysql::Error: Table 'schema_info' already exists: CREATE TABLE schema_info (version int(11))[0m
  [4;36;1mSQL (0.000518)[0m   [0;1mSELECT version FROM schema_info[0m
  [4;35;1mSQL (0.000270)[0m   [0mSELECT version FROM schema_info[0m
  [4;36;1mSQL (0.000230)[0m   [0;1mSELECT version FROM schema_info[0m
  [4;35;1mSQL (0.000217)[0m   [0mSELECT version FROM schema_info[0m
  [4;36;1mSQL (0.000222)[0m   [0;1mSELECT version FROM schema_info[0m
Migrating to AddServerColumn (5)
  [4;35;1mSQL (0.018424)[0m   [0mALTER TABLE file_info ADD `server` varchar(255)[0m
  [4;36;1mSQL (0.000360)[0m   [0;1mUPDATE schema_info SET version = 5[0m
  [4;35;1mSQL (0.000376)[0m   [0mSELECT version FROM schema_info[0m
Migrating to AddOwnershipColumns (6)
  [4;36;1mSQL (0.013857)[0m   [0;1mALTER TABLE file_info ADD `owner_user` varchar(255)[0m
  [4;35;1mSQL (0.013418)[0m   [0mALTER TABLE file_info ADD `owner_group` varchar(255)[0m
  [4;36;1mSQL (0.000378)[0m   [0;1mUPDATE schema_info SET version = 6[0m
  [4;35;1mSQL (0.000276)[0m   [0mSELECT version FROM schema_info[0m
Migrating to ChangeOwnershipInteger (7)
  [4;36;1mSQL (0.029704)[0m   [0;1mALTER TABLE file_info DROP `owner_user`[0m
  [4;35;1mSQL (0.013820)[0m   [0mALTER TABLE file_info DROP `owner_group`[0m
  [4;36;1mSQL (0.014024)[0m   [0;1mALTER TABLE file_info ADD `uid` int(11)[0m
  [4;35;1mSQL (0.013483)[0m   [0mALTER TABLE file_info ADD `gid` int(11)[0m
  [4;36;1mSQL (0.000404)[0m   [0;1mUPDATE schema_info SET version = 7[0m
  [4;35;1mSQL (0.000451)[0m   [0mSELECT version FROM schema_info[0m
Migrating to CreateDirectoryInfoTable (8)
  [4;36;1mSQL (0.009658)[0m   [0;1mCREATE TABLE directory_info (`id` int(11) DEFAULT NULL auto_increment PRIMARY KEY, `server` varchar(255) NOT NULL, `path` varchar(255) NOT NULL) ENGINE=InnoDB[0m
  [4;35;1mSQL (0.000383)[0m   [0mUPDATE schema_info SET version = 8[0m
  [4;36;1mSQL (0.000258)[0m   [0;1mSELECT version FROM schema_info[0m
Migrating to AddKeyToDirectoryInfo (9)
  [4;35;1mSQL (0.020381)[0m   [0mALTER TABLE file_info ADD `directory_info_id` int(11)[0m
  [4;36;1mSQL (0.013711)[0m   [0;1mALTER TABLE file_info DROP `path`[0m
  [4;35;1mSQL (0.013403)[0m   [0mALTER TABLE file_info DROP `server`[0m
  [4;36;1mSQL (0.000383)[0m   [0;1mUPDATE schema_info SET version = 9[0m
  [4;35;1mSQL (0.000292)[0m   [0mSELECT * FROM schema_info[0m
  [4;36;1mSQL (0.000439)[0m   [0;1mSHOW TABLES[0m
  [4;35;1mSQL (0.001220)[0m   [0mSHOW FIELDS FROM directory_info[0m
  [4;36;1mSQL (0.000522)[0m   [0;1mSHOW KEYS FROM directory_info[0m
  [4;35;1mSQL (0.001195)[0m   [0mSHOW FIELDS FROM file_info[0m
  [4;36;1mSQL (0.000576)[0m   [0;1mSHOW KEYS FROM file_info[0m


Processing FileInfoController#index (for 10.2.0.66 at 2006-11-07 17:14:05) [GET]
  Session ID: 9988ed2b4eab79004adf9bd2c1c78530
  Parameters: {"action"=>"index", "controller"=>"file_info"}
  [4;36;1mFileInfo Columns (0.001299)[0m   [0;1mSHOW FIELDS FROM file_info[0m
  [4;35;1mSQL (0.000618)[0m   [0mSELECT count(*) AS count_all FROM file_info [0m
  [4;36;1mFileInfo Load (0.000409)[0m   [0;1mSELECT * FROM file_info LIMIT 0, 10[0m
Rendering layoutfalseactionlist within layouts/file_info
Rendering file_info/list
Completed in 0.11689 (8 reqs/sec) | Rendering: 0.04109 (35%) | DB: 0.00233 (1%) | 200 OK [http://earth/file_info]


Processing FileInfoController#edit (for 10.2.0.66 at 2006-11-07 17:14:14) [GET]
  Session ID: 9988ed2b4eab79004adf9bd2c1c78530
  Parameters: {"action"=>"edit", "id"=>"3596", "controller"=>"file_info"}
  [4;35;1mFileInfo Load (0.000430)[0m   [0mSELECT * FROM file_info WHERE (file_info.id = '3596') LIMIT 1[0m
Rendering  within layouts/file_info
Rendering file_info/edit
  [4;36;1mFileInfo Columns (0.001133)[0m   [0;1mSHOW FIELDS FROM file_info[0m


ActionView::TemplateError (undefined method `path' for #<FileInfo:0xb79d0690>) on line #5 of app/views/file_info/_form.rhtml:
2: 
3: <!--[form:file_info]-->
4: <p><label for="file_info_path">Path</label><br/>
5: <%= text_area 'file_info', 'path'  %></p>
6: 
7: <p><label for="file_info_name">Name</label><br/>
8: <%= text_area 'file_info', 'name'  %></p>

    /usr/lib/ruby/gems/1.8/gems/activerecord-1.14.4/lib/active_record/base.rb:1792:in `method_missing'
    /usr/lib/ruby/gems/1.8/gems/actionpack-1.12.5/lib/action_view/helpers/form_helper.rb:341:in `value_before_type_cast'
    /usr/lib/ruby/gems/1.8/gems/actionpack-1.12.5/lib/action_view/helpers/form_helper.rb:274:in `to_text_area_tag'
    /usr/lib/ruby/gems/1.8/gems/actionpack-1.12.5/lib/action_view/helpers/form_helper.rb:188:in `text_area'
    #{RAILS_ROOT}/app/views/file_info/_form.rhtml:5:in `_run_rhtml_file_info__form'
    /usr/lib/ruby/gems/1.8/gems/actionpack-1.12.5/lib/action_view/base.rb:316:in `compile_and_render_template'
    /usr/lib/ruby/gems/1.8/gems/actionpack-1.12.5/lib/action_view/base.rb:292:in `render_template'
    /usr/lib/ruby/gems/1.8/gems/actionpack-1.12.5/lib/action_view/base.rb:251:in `render_file'
    /usr/lib/ruby/gems/1.8/gems/actionpack-1.12.5/lib/action_view/base.rb:266:in `render'
    /usr/lib/ruby/gems/1.8/gems/actionpack-1.12.5/lib/action_view/partials.rb:59:in `render_partial'
    /usr/lib/ruby/gems/1.8/gems/actionpack-1.12.5/lib/action_controller/benchmarking.rb:29:in `benchmark'
    /usr/lib/ruby/1.8/benchmark.rb:293:in `measure'
    /usr/lib/ruby/1.8/benchmark.rb:307:in `realtime'
    /usr/lib/ruby/gems/1.8/gems/actionpack-1.12.5/lib/action_controller/benchmarking.rb:29:in `benchmark'
    /usr/lib/ruby/gems/1.8/gems/actionpack-1.12.5/lib/action_view/partials.rb:58:in `render_partial'
    /usr/lib/ruby/gems/1.8/gems/actionpack-1.12.5/lib/action_view/base.rb:278:in `render'
    #{RAILS_ROOT}/app/views/file_info/edit.rhtml:4:in `_run_rhtml_file_info_edit'
    /usr/lib/ruby/gems/1.8/gems/actionpack-1.12.5/lib/action_view/base.rb:316:in `compile_and_render_template'
    /usr/lib/ruby/gems/1.8/gems/actionpack-1.12.5/lib/action_view/base.rb:292:in `render_template'
    /usr/lib/ruby/gems/1.8/gems/actionpack-1.12.5/lib/action_view/base.rb:251:in `render_file'
    /usr/lib/ruby/gems/1.8/gems/actionpack-1.12.5/lib/action_controller/base.rb:726:in `render_file'
    /usr/lib/ruby/gems/1.8/gems/actionpack-1.12.5/lib/action_controller/base.rb:648:in `render_with_no_layout'
    /usr/lib/ruby/gems/1.8/gems/actionpack-1.12.5/lib/action_controller/layout.rb:245:in `render_without_benchmark'
    /usr/lib/ruby/gems/1.8/gems/actionpack-1.12.5/lib/action_controller/benchmarking.rb:53:in `render'
    /usr/lib/ruby/1.8/benchmark.rb:293:in `measure'
    /usr/lib/ruby/gems/1.8/gems/actionpack-1.12.5/lib/action_controller/benchmarking.rb:53:in `render'
    /usr/lib/ruby/gems/1.8/gems/actionpack-1.12.5/lib/action_controller/base.rb:942:in `perform_action_without_filters'
    /usr/lib/ruby/gems/1.8/gems/actionpack-1.12.5/lib/action_controller/filters.rb:368:in `perform_action_without_benchmark'
    /usr/lib/ruby/gems/1.8/gems/actionpack-1.12.5/lib/action_controller/benchmarking.rb:69:in `perform_action_without_rescue'
    /usr/lib/ruby/1.8/benchmark.rb:293:in `measure'
    /usr/lib/ruby/gems/1.8/gems/actionpack-1.12.5/lib/action_controller/benchmarking.rb:69:in `perform_action_without_rescue'
    /usr/lib/ruby/gems/1.8/gems/actionpack-1.12.5/lib/action_controller/rescue.rb:82:in `perform_action'
    /usr/lib/ruby/gems/1.8/gems/actionpack-1.12.5/lib/action_controller/base.rb:408:in `process_without_filters'
    /usr/lib/ruby/gems/1.8/gems/actionpack-1.12.5/lib/action_controller/filters.rb:377:in `process_without_session_management_support'
    /usr/lib/ruby/gems/1.8/gems/actionpack-1.12.5/lib/action_controller/session_management.rb:117:in `process'
    /usr/lib/ruby/gems/1.8/gems/rails-1.1.6/lib/dispatcher.rb:38:in `dispatch'
    /usr/lib/ruby/gems/1.8/gems/rails-1.1.6/lib/webrick_server.rb:115:in `handle_dispatch'
    /usr/lib/ruby/gems/1.8/gems/rails-1.1.6/lib/webrick_server.rb:81:in `service'
    /usr/lib/ruby/1.8/webrick/httpserver.rb:104:in `service'
    /usr/lib/ruby/1.8/webrick/httpserver.rb:65:in `run'
    /usr/lib/ruby/1.8/webrick/server.rb:173:in `start_thread'
    /usr/lib/ruby/1.8/webrick/server.rb:162:in `start_thread'
    /usr/lib/ruby/1.8/webrick/server.rb:95:in `start'
    /usr/lib/ruby/1.8/webrick/server.rb:92:in `start'
    /usr/lib/ruby/1.8/webrick/server.rb:23:in `start'
    /usr/lib/ruby/1.8/webrick/server.rb:82:in `start'
    /usr/lib/ruby/gems/1.8/gems/rails-1.1.6/lib/webrick_server.rb:67:in `dispatch'
    /usr/lib/ruby/gems/1.8/gems/rails-1.1.6/lib/commands/servers/webrick.rb:59
    /usr/lib/site_ruby/1.8/rubygems/custom_require.rb:27:in `require'
    /usr/lib/ruby/gems/1.8/gems/activesupport-1.3.1/lib/active_support/dependencies.rb:147:in `require'
    /usr/lib/ruby/gems/1.8/gems/rails-1.1.6/lib/commands/server.rb:30
    /usr/lib/site_ruby/1.8/rubygems/custom_require.rb:27:in `require'
    /usr/lib/ruby/gems/1.8/gems/activesupport-1.3.1/lib/active_support/dependencies.rb:147:in `require'
    script/server:3


Rendering /usr/lib/ruby/gems/1.8/gems/actionpack-1.12.5/lib/action_controller/templates/rescues/layout.rhtml (500 Internal Error)


Processing FileInfoController#edit (for 10.2.0.66 at 2006-11-07 17:14:47) [GET]
  Session ID: 9988ed2b4eab79004adf9bd2c1c78530
  Parameters: {"action"=>"edit", "id"=>"3596", "controller"=>"file_info"}
  [4;35;1mFileInfo Load (0.000464)[0m   [0mSELECT * FROM file_info WHERE (file_info.id = '3596') LIMIT 1[0m
Rendering  within layouts/file_info
Rendering file_info/edit
  [4;36;1mFileInfo Columns (0.001136)[0m   [0;1mSHOW FIELDS FROM file_info[0m


ActionView::TemplateError (undefined method `path' for #<FileInfo:0xb79fe914>) on line #5 of app/views/file_info/_form.rhtml:
2: 
3: <!--[form:file_info]-->
4: <p><label for="file_info_path">Path</label><br/>
5: <%= text_area 'file_info', 'path'  %></p>
6: 
7: <p><label for="file_info_name">Name</label><br/>
8: <%= text_area 'file_info', 'name'  %></p>

    /usr/lib/ruby/gems/1.8/gems/activerecord-1.14.4/lib/active_record/base.rb:1792:in `method_missing'
    /usr/lib/ruby/gems/1.8/gems/actionpack-1.12.5/lib/action_view/helpers/form_helper.rb:341:in `value_before_type_cast'
    /usr/lib/ruby/gems/1.8/gems/actionpack-1.12.5/lib/action_view/helpers/form_helper.rb:274:in `to_text_area_tag'
    /usr/lib/ruby/gems/1.8/gems/actionpack-1.12.5/lib/action_view/helpers/form_helper.rb:188:in `text_area'
    #{RAILS_ROOT}/app/views/file_info/_form.rhtml:5:in `_run_rhtml_file_info__form'
    /usr/lib/ruby/gems/1.8/gems/actionpack-1.12.5/lib/action_view/base.rb:316:in `compile_and_render_template'
    /usr/lib/ruby/gems/1.8/gems/actionpack-1.12.5/lib/action_view/base.rb:292:in `render_template'
    /usr/lib/ruby/gems/1.8/gems/actionpack-1.12.5/lib/action_view/base.rb:251:in `render_file'
    /usr/lib/ruby/gems/1.8/gems/actionpack-1.12.5/lib/action_view/base.rb:266:in `render'
    /usr/lib/ruby/gems/1.8/gems/actionpack-1.12.5/lib/action_view/partials.rb:59:in `render_partial'
    /usr/lib/ruby/gems/1.8/gems/actionpack-1.12.5/lib/action_controller/benchmarking.rb:29:in `benchmark'
    /usr/lib/ruby/1.8/benchmark.rb:293:in `measure'
    /usr/lib/ruby/1.8/benchmark.rb:307:in `realtime'
    /usr/lib/ruby/gems/1.8/gems/actionpack-1.12.5/lib/action_controller/benchmarking.rb:29:in `benchmark'
    /usr/lib/ruby/gems/1.8/gems/actionpack-1.12.5/lib/action_view/partials.rb:58:in `render_partial'
    /usr/lib/ruby/gems/1.8/gems/actionpack-1.12.5/lib/action_view/base.rb:278:in `render'
    #{RAILS_ROOT}/app/views/file_info/edit.rhtml:4:in `_run_rhtml_file_info_edit'
    /usr/lib/ruby/gems/1.8/gems/actionpack-1.12.5/lib/action_view/base.rb:316:in `compile_and_render_template'
    /usr/lib/ruby/gems/1.8/gems/actionpack-1.12.5/lib/action_view/base.rb:292:in `render_template'
    /usr/lib/ruby/gems/1.8/gems/actionpack-1.12.5/lib/action_view/base.rb:251:in `render_file'
    /usr/lib/ruby/gems/1.8/gems/actionpack-1.12.5/lib/action_controller/base.rb:726:in `render_file'
    /usr/lib/ruby/gems/1.8/gems/actionpack-1.12.5/lib/action_controller/base.rb:648:in `render_with_no_layout'
    /usr/lib/ruby/gems/1.8/gems/actionpack-1.12.5/lib/action_controller/layout.rb:245:in `render_without_benchmark'
    /usr/lib/ruby/gems/1.8/gems/actionpack-1.12.5/lib/action_controller/benchmarking.rb:53:in `render'
    /usr/lib/ruby/1.8/benchmark.rb:293:in `measure'
    /usr/lib/ruby/gems/1.8/gems/actionpack-1.12.5/lib/action_controller/benchmarking.rb:53:in `render'
    /usr/lib/ruby/gems/1.8/gems/actionpack-1.12.5/lib/action_controller/base.rb:942:in `perform_action_without_filters'
    /usr/lib/ruby/gems/1.8/gems/actionpack-1.12.5/lib/action_controller/filters.rb:368:in `perform_action_without_benchmark'
    /usr/lib/ruby/gems/1.8/gems/actionpack-1.12.5/lib/action_controller/benchmarking.rb:69:in `perform_action_without_rescue'
    /usr/lib/ruby/1.8/benchmark.rb:293:in `measure'
    /usr/lib/ruby/gems/1.8/gems/actionpack-1.12.5/lib/action_controller/benchmarking.rb:69:in `perform_action_without_rescue'
    /usr/lib/ruby/gems/1.8/gems/actionpack-1.12.5/lib/action_controller/rescue.rb:82:in `perform_action'
    /usr/lib/ruby/gems/1.8/gems/actionpack-1.12.5/lib/action_controller/base.rb:408:in `process_without_filters'
    /usr/lib/ruby/gems/1.8/gems/actionpack-1.12.5/lib/action_controller/filters.rb:377:in `process_without_session_management_support'
    /usr/lib/ruby/gems/1.8/gems/actionpack-1.12.5/lib/action_controller/session_management.rb:117:in `process'
    /usr/lib/ruby/gems/1.8/gems/rails-1.1.6/lib/dispatcher.rb:38:in `dispatch'
    /usr/lib/ruby/gems/1.8/gems/rails-1.1.6/lib/webrick_server.rb:115:in `handle_dispatch'
    /usr/lib/ruby/gems/1.8/gems/rails-1.1.6/lib/webrick_server.rb:81:in `service'
    /usr/lib/ruby/1.8/webrick/httpserver.rb:104:in `service'
    /usr/lib/ruby/1.8/webrick/httpserver.rb:65:in `run'
    /usr/lib/ruby/1.8/webrick/server.rb:173:in `start_thread'
    /usr/lib/ruby/1.8/webrick/server.rb:162:in `start_thread'
    /usr/lib/ruby/1.8/webrick/server.rb:95:in `start'
    /usr/lib/ruby/1.8/webrick/server.rb:92:in `start'
    /usr/lib/ruby/1.8/webrick/server.rb:23:in `start'
    /usr/lib/ruby/1.8/webrick/server.rb:82:in `start'
    /usr/lib/ruby/gems/1.8/gems/rails-1.1.6/lib/webrick_server.rb:67:in `dispatch'
    /usr/lib/ruby/gems/1.8/gems/rails-1.1.6/lib/commands/servers/webrick.rb:59
    /usr/lib/site_ruby/1.8/rubygems/custom_require.rb:27:in `require'
    /usr/lib/ruby/gems/1.8/gems/activesupport-1.3.1/lib/active_support/dependencies.rb:147:in `require'
    /usr/lib/ruby/gems/1.8/gems/rails-1.1.6/lib/commands/server.rb:30
    /usr/lib/site_ruby/1.8/rubygems/custom_require.rb:27:in `require'
    /usr/lib/ruby/gems/1.8/gems/activesupport-1.3.1/lib/active_support/dependencies.rb:147:in `require'
    script/server:3


Rendering /usr/lib/ruby/gems/1.8/gems/actionpack-1.12.5/lib/action_controller/templates/rescues/layout.rhtml (500 Internal Error)
  [4;36;1mFileInfo Columns (0.001274)[0m   [0;1mSHOW FIELDS FROM file_info[0m


Processing FileInfoController#edit (for 10.2.0.66 at 2006-11-07 17:15:31) [GET]
  Session ID: 9988ed2b4eab79004adf9bd2c1c78530
  Parameters: {"action"=>"edit", "id"=>"3596", "controller"=>"file_info"}
  [4;35;1mFileInfo Load (0.000470)[0m   [0mSELECT * FROM file_info WHERE (file_info.id = '3596') LIMIT 1[0m
Rendering  within layouts/file_info
Rendering file_info/edit
  [4;36;1mFileInfo Columns (0.001147)[0m   [0;1mSHOW FIELDS FROM file_info[0m
Rendered file_info/_form (0.01063)
Completed in 0.04335 (23 reqs/sec) | Rendering: 0.02492 (57%) | DB: 0.00275 (6%) | 200 OK [http://earth/file_info/edit/3596]
